0 info it worked if it ends with ok
1 verbose cli [ '/usr/local/bin/node', '/usr/local/bin/npm', 'run', 'cserver' ]
2 info using npm@4.1.2
3 info using node@v7.5.0
4 verbose run-script [ 'precserver', 'cserver', 'postcserver' ]
5 info lifecycle vriot@1.0.0~precserver: vriot@1.0.0
6 silly lifecycle vriot@1.0.0~precserver: no script for precserver, continuing
7 info lifecycle vriot@1.0.0~cserver: vriot@1.0.0
8 verbose lifecycle vriot@1.0.0~cserver: unsafe-perm in lifecycle true
9 verbose lifecycle vriot@1.0.0~cserver: PATH: /usr/local/lib/node_modules/npm/bin/node-gyp-bin:/Users/mikaelvesavuori/Webb/VRIOT/node_modules/.bin:/usr/local/bin:/usr/bin:/bin:/usr/sbin:/sbin:/Library/Frameworks/Mono.framework/Versions/Current/Commands:/usr/local/bin
10 verbose lifecycle vriot@1.0.0~cserver: CWD: /Users/mikaelvesavuori/Webb/VRIOT
11 silly lifecycle vriot@1.0.0~cserver: Args: [ '-c', 'node playground/tictactoe/Content-Server.js' ]
12 silly lifecycle vriot@1.0.0~cserver: Returned: code: 1  signal: null
13 info lifecycle vriot@1.0.0~cserver: Failed to exec cserver script
14 verbose stack Error: vriot@1.0.0 cserver: `node playground/tictactoe/Content-Server.js`
14 verbose stack Exit status 1
14 verbose stack     at EventEmitter.<anonymous> (/usr/local/lib/node_modules/npm/lib/utils/lifecycle.js:279:16)
14 verbose stack     at emitTwo (events.js:106:13)
14 verbose stack     at EventEmitter.emit (events.js:192:7)
14 verbose stack     at ChildProcess.<anonymous> (/usr/local/lib/node_modules/npm/lib/utils/spawn.js:40:14)
14 verbose stack     at emitTwo (events.js:106:13)
14 verbose stack     at ChildProcess.emit (events.js:192:7)
14 verbose stack     at maybeClose (internal/child_process.js:890:16)
14 verbose stack     at Process.ChildProcess._handle.onexit (internal/child_process.js:226:5)
15 verbose pkgid vriot@1.0.0
16 verbose cwd /Users/mikaelvesavuori/Webb/VRIOT
17 error Darwin 16.5.0
18 error argv "/usr/local/bin/node" "/usr/local/bin/npm" "run" "cserver"
19 error node v7.5.0
20 error npm  v4.1.2
21 error code ELIFECYCLE
22 error vriot@1.0.0 cserver: `node playground/tictactoe/Content-Server.js`
22 error Exit status 1
23 error Failed at the vriot@1.0.0 cserver script 'node playground/tictactoe/Content-Server.js'.
23 error Make sure you have the latest version of node.js and npm installed.
23 error If you do, this is most likely a problem with the vriot package,
23 error not with npm itself.
23 error Tell the author that this fails on your system:
23 error     node playground/tictactoe/Content-Server.js
23 error You can get information on how to open an issue for this project with:
23 error     npm bugs vriot
23 error Or if that isn't available, you can get their info via:
23 error     npm owner ls vriot
23 error There is likely additional logging output above.
24 verbose exit [ 1, true ]
